<?xml version='1.0' encoding='UTF-8'?>
<testsuite hostname="laptop-aspire-vgomez" name="com.reactivebbq.orders.JsonContractTest" tests="3" errors="0" failures="0" skipped="0" time="0.554" timestamp="2023-02-10T10:56:40">
                     <properties>
      <property name="awt.toolkit" value="sun.awt.X11.XToolkit"/><property name="java.specification.version" value="11"/><property name="sun.cpu.isalist" value=""/><property name="sun.jnu.encoding" value="UTF-8"/><property name="sun.arch.data.model" value="64"/><property name="java.vendor.url" value="http://www.alibabagroup.com"/><property name="sun.boot.library.path" value="/home/victor/.sdkman/candidates/java/11.0.18-albba/lib"/><property name="sun.java.command" value="/home/victor/.cache/sbt/boot/sbt-launch/1.8.2/sbt-launch-1.8.2.jar test"/><property name="jdk.debug" value="release"/><property name="java.specification.vendor" value="Oracle Corporation"/><property name="java.version.date" value="2023-01-17"/><property name="java.home" value="/home/victor/.sdkman/candidates/java/11.0.18-albba"/><property name="file.separator" value="/"/><property name="java.vm.compressedOopsMode" value="32-bit"/><property name="line.separator" value="
"/><property name="java.specification.name" value="Java Platform API Specification"/><property name="java.vm.specification.vendor" value="Oracle Corporation"/><property name="sun.management.compiler" value="HotSpot 64-Bit Tiered Compilers"/><property name="java.runtime.version" value="11.0.18.14+9"/><property name="user.name" value="victor"/><property name="log4j.ignoreTCL" value="true"/><property name="file.encoding" value="UTF-8"/><property name="jnidispatch.path" value="/home/victor/.cache/JNA/temp/jna16254942192951175833.tmp"/><property name="java.vendor.version" value="(Alibaba Dragonwell Standard Edition)-11.0.18.14+9-GA"/><property name="jna.loaded" value="true"/><property name="java.io.tmpdir" value="/tmp"/><property name="java.version" value="11.0.18.14"/><property name="java.vm.specification.name" value="Java Virtual Machine Specification"/><property name="java.awt.printerjob" value="sun.print.PSPrinterJob"/><property name="sun.os.patch.level" value="unknown"/><property name="java.library.path" value="/usr/java/packages/lib:/usr/lib64:/lib64:/lib:/usr/lib"/><property name="java.vendor" value="Alibaba"/><property name="scala.ext.dirs" value="/home/victor/.sbt/1.0/java9-rt-ext-alibaba_11_0_18_14"/><property name="sun.io.unicode.encoding" value="UnicodeLittle"/><property name="sun.desktop" value="gnome"/><property name="java.class.path" value="/home/victor/.cache/sbt/boot/sbt-launch/1.8.2/sbt-launch-1.8.2.jar"/><property name="java.vm.vendor" value="Alibaba"/><property name="jline.shutdownhook" value="false"/><property name="user.timezone" value="America/Santo_Domingo"/><property name="os.name" value="Linux"/><property name="java.vm.specification.version" value="11"/><property name="sun.java.launcher" value="SUN_STANDARD"/><property name="user.country" value="US"/><property name="sun.cpu.endian" value="little"/><property name="user.home" value="/home/victor"/><property name="user.language" value="en"/><property name="sbt.script" value="/usr/bin/sbt"/><property name="swoval.tmpdir" value="/home/victor/.sbt/1.0"/><property name="java.awt.graphicsenv" value="sun.awt.X11GraphicsEnvironment"/><property name="jline.esc.timeout" value="0"/><property name="path.separator" value=":"/><property name="os.version" value="5.15.0-58-generic"/><property name="jna.nosys" value="true"/><property name="java.runtime.name" value="OpenJDK Runtime Environment"/><property name="java.vm.name" value="OpenJDK 64-Bit Server VM"/><property name="jna.platform.library.path" value="/usr/lib/x86_64-linux-gnu:/lib/x86_64-linux-gnu:/usr/lib64:/lib64:/usr/lib:/lib:/usr/local/lib:/usr/lib/x86_64-linux-gnu/libfakeroot"/><property name="java.vendor.url.bug" value="mailto:dragonwell_use@googlegroups.com"/><property name="user.dir" value="/home/victor/Documents/dev/1-Software-Development/scala/trainee_program_scala/module 12 - akka_cluster_sharding/LAC-Sharding-v1/exercises/scala"/><property name="os.arch" value="amd64"/><property name="java.vm.info" value="mixed mode"/><property name="java.vm.version" value="11.0.18.14+9"/><property name="java.class.version" value="55.0"/>
    </properties>
                     <testcase classname="com.reactivebbq.orders.JsonContractTest" name="Creating an Order should Adhere to the Json Contract" time="0.531">
                                                 
                                               </testcase><testcase classname="com.reactivebbq.orders.JsonContractTest" name="Retrieving the Order should Adhere to the Json Contract" time="0.01">
                                                 
                                               </testcase><testcase classname="com.reactivebbq.orders.JsonContractTest" name="Adding to an Order should Adhere to the Json Contract" time="0.013">
                                                 
                                               </testcase>
                     <system-out><![CDATA[]]></system-out>
                     <system-err><![CDATA[]]></system-err>
                   </testsuite>